<?xml version="1.0" encoding="UTF-8"?>
<testng-results ignored="0" total="1" passed="1" failed="0" skipped="0">
  <reporter-output>
  </reporter-output>
  <suite started-at="2024-11-09T09:38:18 IST" name="Suite" finished-at="2024-11-09T09:38:23 IST" duration-ms="5708">
    <groups>
    </groups>
    <test started-at="2024-11-09T09:38:18 IST" name="Test" finished-at="2024-11-09T09:38:23 IST" duration-ms="5708">
      <class name="com.LoginTest.VerifyLoginTest">
        <test-method is-config="true" signature="initilization()[pri:0, instance:com.LoginTest.VerifyLoginTest@2c78d320]" started-at="2024-11-09T09:38:17 IST" name="initilization" finished-at="2024-11-09T09:38:18 IST" duration-ms="639" status="PASS">
          <reporter-output>
          </reporter-output>
        </test-method> <!-- initilization -->
        <test-method is-config="true" signature="setUp()[pri:0, instance:com.LoginTest.VerifyLoginTest@2c78d320]" started-at="2024-11-09T09:38:18 IST" name="setUp" finished-at="2024-11-09T09:38:21 IST" duration-ms="3225" status="PASS">
          <reporter-output>
          </reporter-output>
        </test-method> <!-- setUp -->
        <test-method signature="TC_001()[pri:0, instance:com.LoginTest.VerifyLoginTest@2c78d320]" started-at="2024-11-09T09:38:21 IST" name="TC_001" finished-at="2024-11-09T09:38:21 IST" duration-ms="473" status="PASS">
          <reporter-output>
          </reporter-output>
        </test-method> <!-- TC_001 -->
        <test-method is-config="true" signature="tearDown()[pri:0, instance:com.LoginTest.VerifyLoginTest@2c78d320]" started-at="2024-11-09T09:38:23 IST" name="tearDown" finished-at="2024-11-09T09:38:23 IST" duration-ms="882" status="PASS">
          <reporter-output>
          </reporter-output>
        </test-method> <!-- tearDown -->
      </class> <!-- com.LoginTest.VerifyLoginTest -->
    </test> <!-- Test -->
  </suite> <!-- Suite -->
</testng-results>
